==========================================
SLURM_JOB_ID = 84213
SLURM_NODELIST = gnode27
SLURM_JOB_GPUS = 0,1,2,3
==========================================
[3;J[H[2JNo of threads :  20
train_GlasXC.py:113: YAMLLoadWarning: calling yaml.load() without Loader=... is deprecated, as the default Loader is unsafe. Please read https://msg.pyyaml.org/load for full details.
  input_enc_cfg = yaml.load(open(args.input_encoder_cfg))
train_GlasXC.py:114: YAMLLoadWarning: calling yaml.load() without Loader=... is deprecated, as the default Loader is unsafe. Please read https://msg.pyyaml.org/load for full details.
  input_dec_cfg = yaml.load(open(args.input_decoder_cfg))
train_GlasXC.py:115: YAMLLoadWarning: calling yaml.load() without Loader=... is deprecated, as the default Loader is unsafe. Please read https://msg.pyyaml.org/load for full details.
  output_enc_cfg = yaml.load(open(args.output_encoder_cfg))
train_GlasXC.py:116: YAMLLoadWarning: calling yaml.load() without Loader=... is deprecated, as the default Loader is unsafe. Please read https://msg.pyyaml.org/load for full details.
  output_dec_cfg = yaml.load(open(args.output_decoder_cfg))
train_GlasXC.py:117: YAMLLoadWarning: calling yaml.load() without Loader=... is deprecated, as the default Loader is unsafe. Please read https://msg.pyyaml.org/load for full details.
  regress_cfg = yaml.load(open(args.regressor_cfg))
train_GlasXC.py:126: YAMLLoadWarning: calling yaml.load() without Loader=... is deprecated, as the default Loader is unsafe. Please read https://msg.pyyaml.org/load for full details.
  opt_options = yaml.load(open(args.optimizer_cfg))
train_GlasXC.py:136: YAMLLoadWarning: calling yaml.load() without Loader=... is deprecated, as the default Loader is unsafe. Please read https://msg.pyyaml.org/load for full details.
  dset_opts = yaml.load(open(args.dataset_info))
In epoch  0  size of x is  torch.Size([512, 135909])
/home/shrutimoy.das/anaconda3/envs/DL/lib/python3.7/site-packages/torch/nn/modules/container.py:92: UserWarning: Implicit dimension choice for softmax has been deprecated. Change the call to include dim=X as an argument.
  input = module(input)
In epoch  0  size of x is  torch.Size([512, 135909])
In epoch  0  size of x is  torch.Size([512, 135909])
In epoch  0  size of x is  torch.Size([512, 135909])
In epoch  0  size of x is  torch.Size([512, 135909])
In epoch  0  size of x is  torch.Size([512, 135909])
In epoch  0  size of x is  torch.Size([512, 135909])
In epoch  0  size of x is  torch.Size([512, 135909])
In epoch  0  size of x is  torch.Size([512, 135909])
In epoch  0  size of x is  torch.Size([512, 135909])
In epoch  0  size of x is  torch.Size([512, 135909])
In epoch  0  size of x is  torch.Size([512, 135909])
In epoch  0  size of x is  torch.Size([512, 135909])
In epoch  0  size of x is  torch.Size([512, 135909])
In epoch  0  size of x is  torch.Size([512, 135909])
In epoch  0  size of x is  torch.Size([512, 135909])
In epoch  0  size of x is  torch.Size([512, 135909])
In epoch  0  size of x is  torch.Size([512, 135909])
In epoch  0  size of x is  torch.Size([512, 135909])
In epoch  0  size of x is  torch.Size([512, 135909])
0 / 10 :: 10240 / 490449 - CLASS_LOSS : 0.00011
In epoch  0  size of x is  torch.Size([512, 135909])
In epoch  0  size of x is  torch.Size([512, 135909])
In epoch  0  size of x is  torch.Size([512, 135909])
In epoch  0  size of x is  torch.Size([512, 135909])
In epoch  0  size of x is  torch.Size([512, 135909])
In epoch  0  size of x is  torch.Size([512, 135909])
In epoch  0  size of x is  torch.Size([512, 135909])
In epoch  0  size of x is  torch.Size([512, 135909])
In epoch  0  size of x is  torch.Size([512, 135909])
In epoch  0  size of x is  torch.Size([512, 135909])
In epoch  0  size of x is  torch.Size([512, 135909])
In epoch  0  size of x is  torch.Size([512, 135909])
In epoch  0  size of x is  torch.Size([512, 135909])
In epoch  0  size of x is  torch.Size([512, 135909])
In epoch  0  size of x is  torch.Size([512, 135909])
In epoch  0  size of x is  torch.Size([512, 135909])
In epoch  0  size of x is  torch.Size([512, 135909])
In epoch  0  size of x is  torch.Size([512, 135909])
In epoch  0  size of x is  torch.Size([512, 135909])
In epoch  0  size of x is  torch.Size([512, 135909])
0 / 10 :: 20480 / 490449 - CLASS_LOSS : 0.00011
In epoch  0  size of x is  torch.Size([512, 135909])
In epoch  0  size of x is  torch.Size([512, 135909])
In epoch  0  size of x is  torch.Size([512, 135909])
In epoch  0  size of x is  torch.Size([512, 135909])
In epoch  0  size of x is  torch.Size([512, 135909])
In epoch  0  size of x is  torch.Size([512, 135909])
In epoch  0  size of x is  torch.Size([512, 135909])
In epoch  0  size of x is  torch.Size([512, 135909])
In epoch  0  size of x is  torch.Size([512, 135909])
In epoch  0  size of x is  torch.Size([512, 135909])
In epoch  0  size of x is  torch.Size([512, 135909])
In epoch  0  size of x is  torch.Size([512, 135909])
In epoch  0  size of x is  torch.Size([512, 135909])
In epoch  0  size of x is  torch.Size([512, 135909])
In epoch  0  size of x is  torch.Size([512, 135909])
In epoch  0  size of x is  torch.Size([512, 135909])
In epoch  0  size of x is  torch.Size([512, 135909])
In epoch  0  size of x is  torch.Size([512, 135909])
In epoch  0  size of x is  torch.Size([512, 135909])
In epoch  0  size of x is  torch.Size([512, 135909])
0 / 10 :: 30720 / 490449 - CLASS_LOSS : 0.00011
In epoch  0  size of x is  torch.Size([512, 135909])
In epoch  0  size of x is  torch.Size([512, 135909])
In epoch  0  size of x is  torch.Size([512, 135909])
In epoch  0  size of x is  torch.Size([512, 135909])
In epoch  0  size of x is  torch.Size([512, 135909])
In epoch  0  size of x is  torch.Size([512, 135909])
In epoch  0  size of x is  torch.Size([512, 135909])
In epoch  0  size of x is  torch.Size([512, 135909])
In epoch  0  size of x is  torch.Size([512, 135909])
In epoch  0  size of x is  torch.Size([512, 135909])
In epoch  0  size of x is  torch.Size([512, 135909])
In epoch  0  size of x is  torch.Size([512, 135909])
In epoch  0  size of x is  torch.Size([512, 135909])
In epoch  0  size of x is  torch.Size([512, 135909])
In epoch  0  size of x is  torch.Size([512, 135909])
In epoch  0  size of x is  torch.Size([512, 135909])
In epoch  0  size of x is  torch.Size([512, 135909])
In epoch  0  size of x is  torch.Size([512, 135909])
In epoch  0  size of x is  torch.Size([512, 135909])
In epoch  0  size of x is  torch.Size([512, 135909])
0 / 10 :: 40960 / 490449 - CLASS_LOSS : 0.00011
In epoch  0  size of x is  torch.Size([512, 135909])
In epoch  0  size of x is  torch.Size([512, 135909])
In epoch  0  size of x is  torch.Size([512, 135909])
In epoch  0  size of x is  torch.Size([512, 135909])
In epoch  0  size of x is  torch.Size([512, 135909])
In epoch  0  size of x is  torch.Size([512, 135909])
In epoch  0  size of x is  torch.Size([512, 135909])
In epoch  0  size of x is  torch.Size([512, 135909])
In epoch  0  size of x is  torch.Size([512, 135909])
In epoch  0  size of x is  torch.Size([512, 135909])
In epoch  0  size of x is  torch.Size([512, 135909])
In epoch  0  size of x is  torch.Size([512, 135909])
In epoch  0  size of x is  torch.Size([512, 135909])
In epoch  0  size of x is  torch.Size([512, 135909])
In epoch  0  size of x is  torch.Size([512, 135909])
In epoch  0  size of x is  torch.Size([512, 135909])
In epoch  0  size of x is  torch.Size([512, 135909])
In epoch  0  size of x is  torch.Size([512, 135909])
In epoch  0  size of x is  torch.Size([512, 135909])
In epoch  0  size of x is  torch.Size([512, 135909])
0 / 10 :: 51200 / 490449 - CLASS_LOSS : 0.00011
In epoch  0  size of x is  torch.Size([512, 135909])
In epoch  0  size of x is  torch.Size([512, 135909])
In epoch  0  size of x is  torch.Size([512, 135909])
In epoch  0  size of x is  torch.Size([512, 135909])
In epoch  0  size of x is  torch.Size([512, 135909])
In epoch  0  size of x is  torch.Size([512, 135909])
In epoch  0  size of x is  torch.Size([512, 135909])
In epoch  0  size of x is  torch.Size([512, 135909])
In epoch  0  size of x is  torch.Size([512, 135909])
In epoch  0  size of x is  torch.Size([512, 135909])
In epoch  0  size of x is  torch.Size([512, 135909])
In epoch  0  size of x is  torch.Size([512, 135909])
In epoch  0  size of x is  torch.Size([512, 135909])
In epoch  0  size of x is  torch.Size([512, 135909])
In epoch  0  size of x is  torch.Size([512, 135909])
In epoch  0  size of x is  torch.Size([512, 135909])
In epoch  0  size of x is  torch.Size([512, 135909])
In epoch  0  size of x is  torch.Size([512, 135909])
In epoch  0  size of x is  torch.Size([512, 135909])
In epoch  0  size of x is  torch.Size([512, 135909])
0 / 10 :: 61440 / 490449 - CLASS_LOSS : 0.00011
In epoch  0  size of x is  torch.Size([512, 135909])
In epoch  0  size of x is  torch.Size([512, 135909])
In epoch  0  size of x is  torch.Size([512, 135909])
In epoch  0  size of x is  torch.Size([512, 135909])
In epoch  0  size of x is  torch.Size([512, 135909])
In epoch  0  size of x is  torch.Size([512, 135909])
In epoch  0  size of x is  torch.Size([512, 135909])
In epoch  0  size of x is  torch.Size([512, 135909])
In epoch  0  size of x is  torch.Size([512, 135909])
In epoch  0  size of x is  torch.Size([512, 135909])
In epoch  0  size of x is  torch.Size([512, 135909])
In epoch  0  size of x is  torch.Size([512, 135909])
In epoch  0  size of x is  torch.Size([512, 135909])
In epoch  0  size of x is  torch.Size([512, 135909])
In epoch  0  size of x is  torch.Size([512, 135909])
In epoch  0  size of x is  torch.Size([512, 135909])
In epoch  0  size of x is  torch.Size([512, 135909])
In epoch  0  size of x is  torch.Size([512, 135909])
In epoch  0  size of x is  torch.Size([512, 135909])
In epoch  0  size of x is  torch.Size([512, 135909])
0 / 10 :: 71680 / 490449 - CLASS_LOSS : 0.00011
In epoch  0  size of x is  torch.Size([512, 135909])
In epoch  0  size of x is  torch.Size([512, 135909])
In epoch  0  size of x is  torch.Size([512, 135909])
In epoch  0  size of x is  torch.Size([512, 135909])
In epoch  0  size of x is  torch.Size([512, 135909])
In epoch  0  size of x is  torch.Size([512, 135909])
In epoch  0  size of x is  torch.Size([512, 135909])
In epoch  0  size of x is  torch.Size([512, 135909])
In epoch  0  size of x is  torch.Size([512, 135909])
In epoch  0  size of x is  torch.Size([512, 135909])
In epoch  0  size of x is  torch.Size([512, 135909])
In epoch  0  size of x is  torch.Size([512, 135909])
In epoch  0  size of x is  torch.Size([512, 135909])
In epoch  0  size of x is  torch.Size([512, 135909])
In epoch  0  size of x is  torch.Size([512, 135909])
In epoch  0  size of x is  torch.Size([512, 135909])
In epoch  0  size of x is  torch.Size([512, 135909])
In epoch  0  size of x is  torch.Size([512, 135909])
In epoch  0  size of x is  torch.Size([512, 135909])
In epoch  0  size of x is  torch.Size([512, 135909])
0 / 10 :: 81920 / 490449 - CLASS_LOSS : 0.00011
In epoch  0  size of x is  torch.Size([512, 135909])
In epoch  0  size of x is  torch.Size([512, 135909])
In epoch  0  size of x is  torch.Size([512, 135909])
In epoch  0  size of x is  torch.Size([512, 135909])
In epoch  0  size of x is  torch.Size([512, 135909])
In epoch  0  size of x is  torch.Size([512, 135909])
In epoch  0  size of x is  torch.Size([512, 135909])
In epoch  0  size of x is  torch.Size([512, 135909])
In epoch  0  size of x is  torch.Size([512, 135909])
In epoch  0  size of x is  torch.Size([512, 135909])
In epoch  0  size of x is  torch.Size([512, 135909])
In epoch  0  size of x is  torch.Size([512, 135909])
In epoch  0  size of x is  torch.Size([512, 135909])
In epoch  0  size of x is  torch.Size([512, 135909])
In epoch  0  size of x is  torch.Size([512, 135909])
In epoch  0  size of x is  torch.Size([512, 135909])
In epoch  0  size of x is  torch.Size([512, 135909])
In epoch  0  size of x is  torch.Size([512, 135909])
In epoch  0  size of x is  torch.Size([512, 135909])
In epoch  0  size of x is  torch.Size([512, 135909])
0 / 10 :: 92160 / 490449 - CLASS_LOSS : 0.00011
In epoch  0  size of x is  torch.Size([512, 135909])
In epoch  0  size of x is  torch.Size([512, 135909])
In epoch  0  size of x is  torch.Size([512, 135909])
In epoch  0  size of x is  torch.Size([512, 135909])
In epoch  0  size of x is  torch.Size([512, 135909])
In epoch  0  size of x is  torch.Size([512, 135909])
In epoch  0  size of x is  torch.Size([512, 135909])
In epoch  0  size of x is  torch.Size([512, 135909])
In epoch  0  size of x is  torch.Size([512, 135909])
In epoch  0  size of x is  torch.Size([512, 135909])
In epoch  0  size of x is  torch.Size([512, 135909])
In epoch  0  size of x is  torch.Size([512, 135909])
In epoch  0  size of x is  torch.Size([512, 135909])
In epoch  0  size of x is  torch.Size([512, 135909])
In epoch  0  size of x is  torch.Size([512, 135909])
In epoch  0  size of x is  torch.Size([512, 135909])
In epoch  0  size of x is  torch.Size([512, 135909])
In epoch  0  size of x is  torch.Size([512, 135909])
In epoch  0  size of x is  torch.Size([512, 135909])
In epoch  0  size of x is  torch.Size([512, 135909])
0 / 10 :: 102400 / 490449 - CLASS_LOSS : 0.00011
In epoch  0  size of x is  torch.Size([512, 135909])
In epoch  0  size of x is  torch.Size([512, 135909])
In epoch  0  size of x is  torch.Size([512, 135909])
In epoch  0  size of x is  torch.Size([512, 135909])
In epoch  0  size of x is  torch.Size([512, 135909])
In epoch  0  size of x is  torch.Size([512, 135909])
In epoch  0  size of x is  torch.Size([512, 135909])
In epoch  0  size of x is  torch.Size([512, 135909])
In epoch  0  size of x is  torch.Size([512, 135909])
In epoch  0  size of x is  torch.Size([512, 135909])
In epoch  0  size of x is  torch.Size([512, 135909])
In epoch  0  size of x is  torch.Size([512, 135909])
In epoch  0  size of x is  torch.Size([512, 135909])
In epoch  0  size of x is  torch.Size([512, 135909])
In epoch  0  size of x is  torch.Size([512, 135909])
In epoch  0  size of x is  torch.Size([512, 135909])
In epoch  0  size of x is  torch.Size([512, 135909])
In epoch  0  size of x is  torch.Size([512, 135909])
In epoch  0  size of x is  torch.Size([512, 135909])
In epoch  0  size of x is  torch.Size([512, 135909])
0 / 10 :: 112640 / 490449 - CLASS_LOSS : 0.00011
In epoch  0  size of x is  torch.Size([512, 135909])
In epoch  0  size of x is  torch.Size([512, 135909])
In epoch  0  size of x is  torch.Size([512, 135909])
In epoch  0  size of x is  torch.Size([512, 135909])
In epoch  0  size of x is  torch.Size([512, 135909])
In epoch  0  size of x is  torch.Size([512, 135909])
In epoch  0  size of x is  torch.Size([512, 135909])
In epoch  0  size of x is  torch.Size([512, 135909])
In epoch  0  size of x is  torch.Size([512, 135909])
In epoch  0  size of x is  torch.Size([512, 135909])
In epoch  0  size of x is  torch.Size([512, 135909])
In epoch  0  size of x is  torch.Size([512, 135909])
In epoch  0  size of x is  torch.Size([512, 135909])
In epoch  0  size of x is  torch.Size([512, 135909])
In epoch  0  size of x is  torch.Size([512, 135909])
In epoch  0  size of x is  torch.Size([512, 135909])
In epoch  0  size of x is  torch.Size([512, 135909])
In epoch  0  size of x is  torch.Size([512, 135909])
In epoch  0  size of x is  torch.Size([512, 135909])
In epoch  0  size of x is  torch.Size([512, 135909])
0 / 10 :: 122880 / 490449 - CLASS_LOSS : 0.00011
In epoch  0  size of x is  torch.Size([512, 135909])
In epoch  0  size of x is  torch.Size([512, 135909])
In epoch  0  size of x is  torch.Size([512, 135909])
In epoch  0  size of x is  torch.Size([512, 135909])
In epoch  0  size of x is  torch.Size([512, 135909])
In epoch  0  size of x is  torch.Size([512, 135909])
In epoch  0  size of x is  torch.Size([512, 135909])
In epoch  0  size of x is  torch.Size([512, 135909])
In epoch  0  size of x is  torch.Size([512, 135909])
In epoch  0  size of x is  torch.Size([512, 135909])
In epoch  0  size of x is  torch.Size([512, 135909])
In epoch  0  size of x is  torch.Size([512, 135909])
In epoch  0  size of x is  torch.Size([512, 135909])
In epoch  0  size of x is  torch.Size([512, 135909])
In epoch  0  size of x is  torch.Size([512, 135909])
In epoch  0  size of x is  torch.Size([512, 135909])
In epoch  0  size of x is  torch.Size([512, 135909])
In epoch  0  size of x is  torch.Size([512, 135909])
In epoch  0  size of x is  torch.Size([512, 135909])
In epoch  0  size of x is  torch.Size([512, 135909])
0 / 10 :: 133120 / 490449 - CLASS_LOSS : 0.00011
In epoch  0  size of x is  torch.Size([512, 135909])
In epoch  0  size of x is  torch.Size([512, 135909])
In epoch  0  size of x is  torch.Size([512, 135909])
In epoch  0  size of x is  torch.Size([512, 135909])
In epoch  0  size of x is  torch.Size([512, 135909])
In epoch  0  size of x is  torch.Size([512, 135909])
In epoch  0  size of x is  torch.Size([512, 135909])
In epoch  0  size of x is  torch.Size([512, 135909])
In epoch  0  size of x is  torch.Size([512, 135909])
In epoch  0  size of x is  torch.Size([512, 135909])
In epoch  0  size of x is  torch.Size([512, 135909])
In epoch  0  size of x is  torch.Size([512, 135909])
In epoch  0  size of x is  torch.Size([512, 135909])
In epoch  0  size of x is  torch.Size([512, 135909])
In epoch  0  size of x is  torch.Size([512, 135909])
In epoch  0  size of x is  torch.Size([512, 135909])
In epoch  0  size of x is  torch.Size([512, 135909])
In epoch  0  size of x is  torch.Size([512, 135909])
In epoch  0  size of x is  torch.Size([512, 135909])
In epoch  0  size of x is  torch.Size([512, 135909])
0 / 10 :: 143360 / 490449 - CLASS_LOSS : 0.00011
In epoch  0  size of x is  torch.Size([512, 135909])
In epoch  0  size of x is  torch.Size([512, 135909])
In epoch  0  size of x is  torch.Size([512, 135909])
In epoch  0  size of x is  torch.Size([512, 135909])
In epoch  0  size of x is  torch.Size([512, 135909])
In epoch  0  size of x is  torch.Size([512, 135909])
In epoch  0  size of x is  torch.Size([512, 135909])
In epoch  0  size of x is  torch.Size([512, 135909])
In epoch  0  size of x is  torch.Size([512, 135909])
In epoch  0  size of x is  torch.Size([512, 135909])
In epoch  0  size of x is  torch.Size([512, 135909])
In epoch  0  size of x is  torch.Size([512, 135909])
In epoch  0  size of x is  torch.Size([512, 135909])
In epoch  0  size of x is  torch.Size([512, 135909])
In epoch  0  size of x is  torch.Size([512, 135909])
In epoch  0  size of x is  torch.Size([512, 135909])
In epoch  0  size of x is  torch.Size([512, 135909])
In epoch  0  size of x is  torch.Size([512, 135909])
In epoch  0  size of x is  torch.Size([512, 135909])
In epoch  0  size of x is  torch.Size([512, 135909])
0 / 10 :: 153600 / 490449 - CLASS_LOSS : 0.00011
In epoch  0  size of x is  torch.Size([512, 135909])
In epoch  0  size of x is  torch.Size([512, 135909])
In epoch  0  size of x is  torch.Size([512, 135909])
In epoch  0  size of x is  torch.Size([512, 135909])
In epoch  0  size of x is  torch.Size([512, 135909])
In epoch  0  size of x is  torch.Size([512, 135909])
In epoch  0  size of x is  torch.Size([512, 135909])
In epoch  0  size of x is  torch.Size([512, 135909])
In epoch  0  size of x is  torch.Size([512, 135909])
In epoch  0  size of x is  torch.Size([512, 135909])
In epoch  0  size of x is  torch.Size([512, 135909])
In epoch  0  size of x is  torch.Size([512, 135909])
In epoch  0  size of x is  torch.Size([512, 135909])
In epoch  0  size of x is  torch.Size([512, 135909])
In epoch  0  size of x is  torch.Size([512, 135909])
In epoch  0  size of x is  torch.Size([512, 135909])
In epoch  0  size of x is  torch.Size([512, 135909])
In epoch  0  size of x is  torch.Size([512, 135909])
In epoch  0  size of x is  torch.Size([512, 135909])
In epoch  0  size of x is  torch.Size([512, 135909])
0 / 10 :: 163840 / 490449 - CLASS_LOSS : 0.00011
In epoch  0  size of x is  torch.Size([512, 135909])
In epoch  0  size of x is  torch.Size([512, 135909])
In epoch  0  size of x is  torch.Size([512, 135909])
In epoch  0  size of x is  torch.Size([512, 135909])
In epoch  0  size of x is  torch.Size([512, 135909])
In epoch  0  size of x is  torch.Size([512, 135909])
In epoch  0  size of x is  torch.Size([512, 135909])
In epoch  0  size of x is  torch.Size([512, 135909])
In epoch  0  size of x is  torch.Size([512, 135909])
In epoch  0  size of x is  torch.Size([512, 135909])
In epoch  0  size of x is  torch.Size([512, 135909])
In epoch  0  size of x is  torch.Size([512, 135909])
In epoch  0  size of x is  torch.Size([512, 135909])
In epoch  0  size of x is  torch.Size([512, 135909])
In epoch  0  size of x is  torch.Size([512, 135909])
In epoch  0  size of x is  torch.Size([512, 135909])
In epoch  0  size of x is  torch.Size([512, 135909])
In epoch  0  size of x is  torch.Size([512, 135909])
In epoch  0  size of x is  torch.Size([512, 135909])
In epoch  0  size of x is  torch.Size([512, 135909])
0 / 10 :: 174080 / 490449 - CLASS_LOSS : 0.00011
In epoch  0  size of x is  torch.Size([512, 135909])
In epoch  0  size of x is  torch.Size([512, 135909])
In epoch  0  size of x is  torch.Size([512, 135909])
In epoch  0  size of x is  torch.Size([512, 135909])
In epoch  0  size of x is  torch.Size([512, 135909])
In epoch  0  size of x is  torch.Size([512, 135909])
In epoch  0  size of x is  torch.Size([512, 135909])
In epoch  0  size of x is  torch.Size([512, 135909])
In epoch  0  size of x is  torch.Size([512, 135909])
In epoch  0  size of x is  torch.Size([512, 135909])
In epoch  0  size of x is  torch.Size([512, 135909])
In epoch  0  size of x is  torch.Size([512, 135909])
In epoch  0  size of x is  torch.Size([512, 135909])
In epoch  0  size of x is  torch.Size([512, 135909])
In epoch  0  size of x is  torch.Size([512, 135909])
In epoch  0  size of x is  torch.Size([512, 135909])
In epoch  0  size of x is  torch.Size([512, 135909])
In epoch  0  size of x is  torch.Size([512, 135909])
In epoch  0  size of x is  torch.Size([512, 135909])
In epoch  0  size of x is  torch.Size([512, 135909])
0 / 10 :: 184320 / 490449 - CLASS_LOSS : 0.00011
In epoch  0  size of x is  torch.Size([512, 135909])
In epoch  0  size of x is  torch.Size([512, 135909])
In epoch  0  size of x is  torch.Size([512, 135909])
In epoch  0  size of x is  torch.Size([512, 135909])
In epoch  0  size of x is  torch.Size([512, 135909])
In epoch  0  size of x is  torch.Size([512, 135909])
In epoch  0  size of x is  torch.Size([512, 135909])
In epoch  0  size of x is  torch.Size([512, 135909])
In epoch  0  size of x is  torch.Size([512, 135909])
In epoch  0  size of x is  torch.Size([512, 135909])
In epoch  0  size of x is  torch.Size([512, 135909])
In epoch  0  size of x is  torch.Size([512, 135909])
In epoch  0  size of x is  torch.Size([512, 135909])
In epoch  0  size of x is  torch.Size([512, 135909])
In epoch  0  size of x is  torch.Size([512, 135909])
In epoch  0  size of x is  torch.Size([512, 135909])
In epoch  0  size of x is  torch.Size([512, 135909])
In epoch  0  size of x is  torch.Size([512, 135909])
In epoch  0  size of x is  torch.Size([512, 135909])
In epoch  0  size of x is  torch.Size([512, 135909])
0 / 10 :: 194560 / 490449 - CLASS_LOSS : 0.00011
In epoch  0  size of x is  torch.Size([512, 135909])
In epoch  0  size of x is  torch.Size([512, 135909])
In epoch  0  size of x is  torch.Size([512, 135909])
In epoch  0  size of x is  torch.Size([512, 135909])
In epoch  0  size of x is  torch.Size([512, 135909])
In epoch  0  size of x is  torch.Size([512, 135909])
In epoch  0  size of x is  torch.Size([512, 135909])
In epoch  0  size of x is  torch.Size([512, 135909])
In epoch  0  size of x is  torch.Size([512, 135909])
In epoch  0  size of x is  torch.Size([512, 135909])
In epoch  0  size of x is  torch.Size([512, 135909])
In epoch  0  size of x is  torch.Size([512, 135909])
In epoch  0  size of x is  torch.Size([512, 135909])
In epoch  0  size of x is  torch.Size([512, 135909])
In epoch  0  size of x is  torch.Size([512, 135909])
In epoch  0  size of x is  torch.Size([512, 135909])
In epoch  0  size of x is  torch.Size([512, 135909])
In epoch  0  size of x is  torch.Size([512, 135909])
In epoch  0  size of x is  torch.Size([512, 135909])
In epoch  0  size of x is  torch.Size([512, 135909])
0 / 10 :: 204800 / 490449 - CLASS_LOSS : 0.00011
In epoch  0  size of x is  torch.Size([512, 135909])
In epoch  0  size of x is  torch.Size([512, 135909])
In epoch  0  size of x is  torch.Size([512, 135909])
In epoch  0  size of x is  torch.Size([512, 135909])
In epoch  0  size of x is  torch.Size([512, 135909])
In epoch  0  size of x is  torch.Size([512, 135909])
In epoch  0  size of x is  torch.Size([512, 135909])
In epoch  0  size of x is  torch.Size([512, 135909])
In epoch  0  size of x is  torch.Size([512, 135909])
In epoch  0  size of x is  torch.Size([512, 135909])
In epoch  0  size of x is  torch.Size([512, 135909])
In epoch  0  size of x is  torch.Size([512, 135909])
In epoch  0  size of x is  torch.Size([512, 135909])
In epoch  0  size of x is  torch.Size([512, 135909])
In epoch  0  size of x is  torch.Size([512, 135909])
In epoch  0  size of x is  torch.Size([512, 135909])
In epoch  0  size of x is  torch.Size([512, 135909])
In epoch  0  size of x is  torch.Size([512, 135909])
In epoch  0  size of x is  torch.Size([512, 135909])
In epoch  0  size of x is  torch.Size([512, 135909])
0 / 10 :: 215040 / 490449 - CLASS_LOSS : 0.00011
In epoch  0  size of x is  torch.Size([512, 135909])
In epoch  0  size of x is  torch.Size([512, 135909])
In epoch  0  size of x is  torch.Size([512, 135909])
In epoch  0  size of x is  torch.Size([512, 135909])
In epoch  0  size of x is  torch.Size([512, 135909])
In epoch  0  size of x is  torch.Size([512, 135909])
In epoch  0  size of x is  torch.Size([512, 135909])
In epoch  0  size of x is  torch.Size([512, 135909])
In epoch  0  size of x is  torch.Size([512, 135909])
In epoch  0  size of x is  torch.Size([512, 135909])
In epoch  0  size of x is  torch.Size([512, 135909])
In epoch  0  size of x is  torch.Size([512, 135909])
In epoch  0  size of x is  torch.Size([512, 135909])
In epoch  0  size of x is  torch.Size([512, 135909])
In epoch  0  size of x is  torch.Size([512, 135909])
In epoch  0  size of x is  torch.Size([512, 135909])
In epoch  0  size of x is  torch.Size([512, 135909])
In epoch  0  size of x is  torch.Size([512, 135909])
In epoch  0  size of x is  torch.Size([512, 135909])
In epoch  0  size of x is  torch.Size([512, 135909])
0 / 10 :: 225280 / 490449 - CLASS_LOSS : 0.00011
In epoch  0  size of x is  torch.Size([512, 135909])
In epoch  0  size of x is  torch.Size([512, 135909])
In epoch  0  size of x is  torch.Size([512, 135909])
In epoch  0  size of x is  torch.Size([512, 135909])
In epoch  0  size of x is  torch.Size([512, 135909])
In epoch  0  size of x is  torch.Size([512, 135909])
In epoch  0  size of x is  torch.Size([512, 135909])
In epoch  0  size of x is  torch.Size([512, 135909])
In epoch  0  size of x is  torch.Size([512, 135909])
In epoch  0  size of x is  torch.Size([512, 135909])
In epoch  0  size of x is  torch.Size([512, 135909])
In epoch  0  size of x is  torch.Size([512, 135909])
In epoch  0  size of x is  torch.Size([512, 135909])
In epoch  0  size of x is  torch.Size([512, 135909])
In epoch  0  size of x is  torch.Size([512, 135909])
In epoch  0  size of x is  torch.Size([512, 135909])
In epoch  0  size of x is  torch.Size([512, 135909])
In epoch  0  size of x is  torch.Size([512, 135909])
In epoch  0  size of x is  torch.Size([512, 135909])
In epoch  0  size of x is  torch.Size([512, 135909])
0 / 10 :: 235520 / 490449 - CLASS_LOSS : 0.00011
In epoch  0  size of x is  torch.Size([512, 135909])
In epoch  0  size of x is  torch.Size([512, 135909])
In epoch  0  size of x is  torch.Size([512, 135909])
In epoch  0  size of x is  torch.Size([512, 135909])
In epoch  0  size of x is  torch.Size([512, 135909])
In epoch  0  size of x is  torch.Size([512, 135909])
In epoch  0  size of x is  torch.Size([512, 135909])
In epoch  0  size of x is  torch.Size([512, 135909])
In epoch  0  size of x is  torch.Size([512, 135909])
In epoch  0  size of x is  torch.Size([512, 135909])
In epoch  0  size of x is  torch.Size([512, 135909])
In epoch  0  size of x is  torch.Size([512, 135909])
In epoch  0  size of x is  torch.Size([512, 135909])
In epoch  0  size of x is  torch.Size([512, 135909])
In epoch  0  size of x is  torch.Size([512, 135909])
In epoch  0  size of x is  torch.Size([512, 135909])
In epoch  0  size of x is  torch.Size([512, 135909])
In epoch  0  size of x is  torch.Size([512, 135909])
In epoch  0  size of x is  torch.Size([512, 135909])
In epoch  0  size of x is  torch.Size([512, 135909])
0 / 10 :: 245760 / 490449 - CLASS_LOSS : 0.00011
In epoch  0  size of x is  torch.Size([512, 135909])
In epoch  0  size of x is  torch.Size([512, 135909])
In epoch  0  size of x is  torch.Size([512, 135909])
In epoch  0  size of x is  torch.Size([512, 135909])
In epoch  0  size of x is  torch.Size([512, 135909])
In epoch  0  size of x is  torch.Size([512, 135909])
In epoch  0  size of x is  torch.Size([512, 135909])
In epoch  0  size of x is  torch.Size([512, 135909])
In epoch  0  size of x is  torch.Size([512, 135909])
In epoch  0  size of x is  torch.Size([512, 135909])
In epoch  0  size of x is  torch.Size([512, 135909])
In epoch  0  size of x is  torch.Size([512, 135909])
In epoch  0  size of x is  torch.Size([512, 135909])
In epoch  0  size of x is  torch.Size([512, 135909])
In epoch  0  size of x is  torch.Size([512, 135909])
In epoch  0  size of x is  torch.Size([512, 135909])
In epoch  0  size of x is  torch.Size([512, 135909])
In epoch  0  size of x is  torch.Size([512, 135909])
In epoch  0  size of x is  torch.Size([512, 135909])
In epoch  0  size of x is  torch.Size([512, 135909])
0 / 10 :: 256000 / 490449 - CLASS_LOSS : 0.00011
In epoch  0  size of x is  torch.Size([512, 135909])
In epoch  0  size of x is  torch.Size([512, 135909])
In epoch  0  size of x is  torch.Size([512, 135909])
In epoch  0  size of x is  torch.Size([512, 135909])
In epoch  0  size of x is  torch.Size([512, 135909])
In epoch  0  size of x is  torch.Size([512, 135909])
In epoch  0  size of x is  torch.Size([512, 135909])
In epoch  0  size of x is  torch.Size([512, 135909])
In epoch  0  size of x is  torch.Size([512, 135909])
In epoch  0  size of x is  torch.Size([512, 135909])
In epoch  0  size of x is  torch.Size([512, 135909])
In epoch  0  size of x is  torch.Size([512, 135909])
In epoch  0  size of x is  torch.Size([512, 135909])
In epoch  0  size of x is  torch.Size([512, 135909])
In epoch  0  size of x is  torch.Size([512, 135909])
In epoch  0  size of x is  torch.Size([512, 135909])
In epoch  0  size of x is  torch.Size([512, 135909])
In epoch  0  size of x is  torch.Size([512, 135909])
In epoch  0  size of x is  torch.Size([512, 135909])
In epoch  0  size of x is  torch.Size([512, 135909])
0 / 10 :: 266240 / 490449 - CLASS_LOSS : 0.00011
In epoch  0  size of x is  torch.Size([512, 135909])
In epoch  0  size of x is  torch.Size([512, 135909])
In epoch  0  size of x is  torch.Size([512, 135909])
In epoch  0  size of x is  torch.Size([512, 135909])
In epoch  0  size of x is  torch.Size([512, 135909])
In epoch  0  size of x is  torch.Size([512, 135909])
In epoch  0  size of x is  torch.Size([512, 135909])
In epoch  0  size of x is  torch.Size([512, 135909])
In epoch  0  size of x is  torch.Size([512, 135909])
In epoch  0  size of x is  torch.Size([512, 135909])
In epoch  0  size of x is  torch.Size([512, 135909])
In epoch  0  size of x is  torch.Size([512, 135909])
In epoch  0  size of x is  torch.Size([512, 135909])
In epoch  0  size of x is  torch.Size([512, 135909])
In epoch  0  size of x is  torch.Size([512, 135909])
In epoch  0  size of x is  torch.Size([512, 135909])
In epoch  0  size of x is  torch.Size([512, 135909])
In epoch  0  size of x is  torch.Size([512, 135909])
In epoch  0  size of x is  torch.Size([512, 135909])
In epoch  0  size of x is  torch.Size([512, 135909])
0 / 10 :: 276480 / 490449 - CLASS_LOSS : 0.00011
In epoch  0  size of x is  torch.Size([512, 135909])
In epoch  0  size of x is  torch.Size([512, 135909])
In epoch  0  size of x is  torch.Size([512, 135909])
In epoch  0  size of x is  torch.Size([512, 135909])
In epoch  0  size of x is  torch.Size([512, 135909])
In epoch  0  size of x is  torch.Size([512, 135909])
In epoch  0  size of x is  torch.Size([512, 135909])
In epoch  0  size of x is  torch.Size([512, 135909])
In epoch  0  size of x is  torch.Size([512, 135909])
In epoch  0  size of x is  torch.Size([512, 135909])
In epoch  0  size of x is  torch.Size([512, 135909])
In epoch  0  size of x is  torch.Size([512, 135909])
In epoch  0  size of x is  torch.Size([512, 135909])
In epoch  0  size of x is  torch.Size([512, 135909])
In epoch  0  size of x is  torch.Size([512, 135909])
In epoch  0  size of x is  torch.Size([512, 135909])
In epoch  0  size of x is  torch.Size([512, 135909])
In epoch  0  size of x is  torch.Size([512, 135909])
In epoch  0  size of x is  torch.Size([512, 135909])
In epoch  0  size of x is  torch.Size([512, 135909])
0 / 10 :: 286720 / 490449 - CLASS_LOSS : 0.00011
In epoch  0  size of x is  torch.Size([512, 135909])
In epoch  0  size of x is  torch.Size([512, 135909])
In epoch  0  size of x is  torch.Size([512, 135909])
In epoch  0  size of x is  torch.Size([512, 135909])
In epoch  0  size of x is  torch.Size([512, 135909])
In epoch  0  size of x is  torch.Size([512, 135909])
In epoch  0  size of x is  torch.Size([512, 135909])
In epoch  0  size of x is  torch.Size([512, 135909])
In epoch  0  size of x is  torch.Size([512, 135909])
In epoch  0  size of x is  torch.Size([512, 135909])
In epoch  0  size of x is  torch.Size([512, 135909])
In epoch  0  size of x is  torch.Size([512, 135909])
In epoch  0  size of x is  torch.Size([512, 135909])
In epoch  0  size of x is  torch.Size([512, 135909])
In epoch  0  size of x is  torch.Size([512, 135909])
In epoch  0  size of x is  torch.Size([512, 135909])
In epoch  0  size of x is  torch.Size([512, 135909])
In epoch  0  size of x is  torch.Size([512, 135909])
In epoch  0  size of x is  torch.Size([512, 135909])
In epoch  0  size of x is  torch.Size([512, 135909])
0 / 10 :: 296960 / 490449 - CLASS_LOSS : 0.00011
In epoch  0  size of x is  torch.Size([512, 135909])
In epoch  0  size of x is  torch.Size([512, 135909])
In epoch  0  size of x is  torch.Size([512, 135909])
In epoch  0  size of x is  torch.Size([512, 135909])
In epoch  0  size of x is  torch.Size([512, 135909])
In epoch  0  size of x is  torch.Size([512, 135909])
In epoch  0  size of x is  torch.Size([512, 135909])
In epoch  0  size of x is  torch.Size([512, 135909])
In epoch  0  size of x is  torch.Size([512, 135909])
In epoch  0  size of x is  torch.Size([512, 135909])
In epoch  0  size of x is  torch.Size([512, 135909])
In epoch  0  size of x is  torch.Size([512, 135909])
In epoch  0  size of x is  torch.Size([512, 135909])
In epoch  0  size of x is  torch.Size([512, 135909])
In epoch  0  size of x is  torch.Size([512, 135909])
In epoch  0  size of x is  torch.Size([512, 135909])
In epoch  0  size of x is  torch.Size([512, 135909])
In epoch  0  size of x is  torch.Size([512, 135909])
In epoch  0  size of x is  torch.Size([512, 135909])
In epoch  0  size of x is  torch.Size([512, 135909])
0 / 10 :: 307200 / 490449 - CLASS_LOSS : 0.00011
In epoch  0  size of x is  torch.Size([512, 135909])
In epoch  0  size of x is  torch.Size([512, 135909])
In epoch  0  size of x is  torch.Size([512, 135909])
In epoch  0  size of x is  torch.Size([512, 135909])
In epoch  0  size of x is  torch.Size([512, 135909])
In epoch  0  size of x is  torch.Size([512, 135909])
In epoch  0  size of x is  torch.Size([512, 135909])
In epoch  0  size of x is  torch.Size([512, 135909])
In epoch  0  size of x is  torch.Size([512, 135909])
In epoch  0  size of x is  torch.Size([512, 135909])
In epoch  0  size of x is  torch.Size([512, 135909])
In epoch  0  size of x is  torch.Size([512, 135909])
In epoch  0  size of x is  torch.Size([512, 135909])
In epoch  0  size of x is  torch.Size([512, 135909])
In epoch  0  size of x is  torch.Size([512, 135909])
In epoch  0  size of x is  torch.Size([512, 135909])
In epoch  0  size of x is  torch.Size([512, 135909])
In epoch  0  size of x is  torch.Size([512, 135909])
In epoch  0  size of x is  torch.Size([512, 135909])
In epoch  0  size of x is  torch.Size([512, 135909])
0 / 10 :: 317440 / 490449 - CLASS_LOSS : 0.00011
In epoch  0  size of x is  torch.Size([512, 135909])
In epoch  0  size of x is  torch.Size([512, 135909])
In epoch  0  size of x is  torch.Size([512, 135909])
In epoch  0  size of x is  torch.Size([512, 135909])
In epoch  0  size of x is  torch.Size([512, 135909])
In epoch  0  size of x is  torch.Size([512, 135909])
In epoch  0  size of x is  torch.Size([512, 135909])
In epoch  0  size of x is  torch.Size([512, 135909])
In epoch  0  size of x is  torch.Size([512, 135909])
In epoch  0  size of x is  torch.Size([512, 135909])
In epoch  0  size of x is  torch.Size([512, 135909])
In epoch  0  size of x is  torch.Size([512, 135909])
In epoch  0  size of x is  torch.Size([512, 135909])
In epoch  0  size of x is  torch.Size([512, 135909])
In epoch  0  size of x is  torch.Size([512, 135909])
In epoch  0  size of x is  torch.Size([512, 135909])
In epoch  0  size of x is  torch.Size([512, 135909])
In epoch  0  size of x is  torch.Size([512, 135909])
In epoch  0  size of x is  torch.Size([512, 135909])
In epoch  0  size of x is  torch.Size([512, 135909])
0 / 10 :: 327680 / 490449 - CLASS_LOSS : 0.00011
In epoch  0  size of x is  torch.Size([512, 135909])
In epoch  0  size of x is  torch.Size([512, 135909])
In epoch  0  size of x is  torch.Size([512, 135909])
In epoch  0  size of x is  torch.Size([512, 135909])
In epoch  0  size of x is  torch.Size([512, 135909])
In epoch  0  size of x is  torch.Size([512, 135909])
In epoch  0  size of x is  torch.Size([512, 135909])
In epoch  0  size of x is  torch.Size([512, 135909])
In epoch  0  size of x is  torch.Size([512, 135909])
In epoch  0  size of x is  torch.Size([512, 135909])
In epoch  0  size of x is  torch.Size([512, 135909])
In epoch  0  size of x is  torch.Size([512, 135909])
In epoch  0  size of x is  torch.Size([512, 135909])
In epoch  0  size of x is  torch.Size([512, 135909])
In epoch  0  size of x is  torch.Size([512, 135909])
In epoch  0  size of x is  torch.Size([512, 135909])
In epoch  0  size of x is  torch.Size([512, 135909])
In epoch  0  size of x is  torch.Size([512, 135909])
In epoch  0  size of x is  torch.Size([512, 135909])
In epoch  0  size of x is  torch.Size([512, 135909])
0 / 10 :: 337920 / 490449 - CLASS_LOSS : 0.00011
In epoch  0  size of x is  torch.Size([512, 135909])
In epoch  0  size of x is  torch.Size([512, 135909])
In epoch  0  size of x is  torch.Size([512, 135909])
In epoch  0  size of x is  torch.Size([512, 135909])
In epoch  0  size of x is  torch.Size([512, 135909])
In epoch  0  size of x is  torch.Size([512, 135909])
In epoch  0  size of x is  torch.Size([512, 135909])
In epoch  0  size of x is  torch.Size([512, 135909])
In epoch  0  size of x is  torch.Size([512, 135909])
In epoch  0  size of x is  torch.Size([512, 135909])
In epoch  0  size of x is  torch.Size([512, 135909])
In epoch  0  size of x is  torch.Size([512, 135909])
In epoch  0  size of x is  torch.Size([512, 135909])
In epoch  0  size of x is  torch.Size([512, 135909])
In epoch  0  size of x is  torch.Size([512, 135909])
In epoch  0  size of x is  torch.Size([512, 135909])
In epoch  0  size of x is  torch.Size([512, 135909])
In epoch  0  size of x is  torch.Size([512, 135909])
In epoch  0  size of x is  torch.Size([512, 135909])
In epoch  0  size of x is  torch.Size([512, 135909])
0 / 10 :: 348160 / 490449 - CLASS_LOSS : 0.00011
In epoch  0  size of x is  torch.Size([512, 135909])
In epoch  0  size of x is  torch.Size([512, 135909])
In epoch  0  size of x is  torch.Size([512, 135909])
In epoch  0  size of x is  torch.Size([512, 135909])
In epoch  0  size of x is  torch.Size([512, 135909])
In epoch  0  size of x is  torch.Size([512, 135909])
In epoch  0  size of x is  torch.Size([512, 135909])
In epoch  0  size of x is  torch.Size([512, 135909])
In epoch  0  size of x is  torch.Size([512, 135909])
In epoch  0  size of x is  torch.Size([512, 135909])
In epoch  0  size of x is  torch.Size([512, 135909])
In epoch  0  size of x is  torch.Size([512, 135909])
In epoch  0  size of x is  torch.Size([512, 135909])
In epoch  0  size of x is  torch.Size([512, 135909])
In epoch  0  size of x is  torch.Size([512, 135909])
In epoch  0  size of x is  torch.Size([512, 135909])
In epoch  0  size of x is  torch.Size([512, 135909])
In epoch  0  size of x is  torch.Size([512, 135909])
In epoch  0  size of x is  torch.Size([512, 135909])
In epoch  0  size of x is  torch.Size([512, 135909])
0 / 10 :: 358400 / 490449 - CLASS_LOSS : 0.00011
In epoch  0  size of x is  torch.Size([512, 135909])
In epoch  0  size of x is  torch.Size([512, 135909])
In epoch  0  size of x is  torch.Size([512, 135909])
In epoch  0  size of x is  torch.Size([512, 135909])
In epoch  0  size of x is  torch.Size([512, 135909])
In epoch  0  size of x is  torch.Size([512, 135909])
In epoch  0  size of x is  torch.Size([512, 135909])
In epoch  0  size of x is  torch.Size([512, 135909])
In epoch  0  size of x is  torch.Size([512, 135909])
In epoch  0  size of x is  torch.Size([512, 135909])
In epoch  0  size of x is  torch.Size([512, 135909])
In epoch  0  size of x is  torch.Size([512, 135909])
In epoch  0  size of x is  torch.Size([512, 135909])
In epoch  0  size of x is  torch.Size([512, 135909])
In epoch  0  size of x is  torch.Size([512, 135909])
In epoch  0  size of x is  torch.Size([512, 135909])
In epoch  0  size of x is  torch.Size([512, 135909])
In epoch  0  size of x is  torch.Size([512, 135909])
In epoch  0  size of x is  torch.Size([512, 135909])
In epoch  0  size of x is  torch.Size([512, 135909])
0 / 10 :: 368640 / 490449 - CLASS_LOSS : 0.00011
In epoch  0  size of x is  torch.Size([512, 135909])
In epoch  0  size of x is  torch.Size([512, 135909])
In epoch  0  size of x is  torch.Size([512, 135909])
In epoch  0  size of x is  torch.Size([512, 135909])
In epoch  0  size of x is  torch.Size([512, 135909])
In epoch  0  size of x is  torch.Size([512, 135909])
In epoch  0  size of x is  torch.Size([512, 135909])
In epoch  0  size of x is  torch.Size([512, 135909])
In epoch  0  size of x is  torch.Size([512, 135909])
In epoch  0  size of x is  torch.Size([512, 135909])
In epoch  0  size of x is  torch.Size([512, 135909])
In epoch  0  size of x is  torch.Size([512, 135909])
In epoch  0  size of x is  torch.Size([512, 135909])
In epoch  0  size of x is  torch.Size([512, 135909])
In epoch  0  size of x is  torch.Size([512, 135909])
In epoch  0  size of x is  torch.Size([512, 135909])
In epoch  0  size of x is  torch.Size([512, 135909])
In epoch  0  size of x is  torch.Size([512, 135909])
In epoch  0  size of x is  torch.Size([512, 135909])
In epoch  0  size of x is  torch.Size([512, 135909])
0 / 10 :: 378880 / 490449 - CLASS_LOSS : 0.00011
In epoch  0  size of x is  torch.Size([512, 135909])
In epoch  0  size of x is  torch.Size([512, 135909])
In epoch  0  size of x is  torch.Size([512, 135909])
In epoch  0  size of x is  torch.Size([512, 135909])
In epoch  0  size of x is  torch.Size([512, 135909])
In epoch  0  size of x is  torch.Size([512, 135909])
In epoch  0  size of x is  torch.Size([512, 135909])
In epoch  0  size of x is  torch.Size([512, 135909])
In epoch  0  size of x is  torch.Size([512, 135909])
In epoch  0  size of x is  torch.Size([512, 135909])
In epoch  0  size of x is  torch.Size([512, 135909])
In epoch  0  size of x is  torch.Size([512, 135909])
In epoch  0  size of x is  torch.Size([512, 135909])
In epoch  0  size of x is  torch.Size([512, 135909])
In epoch  0  size of x is  torch.Size([512, 135909])
In epoch  0  size of x is  torch.Size([512, 135909])
In epoch  0  size of x is  torch.Size([512, 135909])
In epoch  0  size of x is  torch.Size([512, 135909])
In epoch  0  size of x is  torch.Size([512, 135909])
In epoch  0  size of x is  torch.Size([512, 135909])
0 / 10 :: 389120 / 490449 - CLASS_LOSS : 0.00011
In epoch  0  size of x is  torch.Size([512, 135909])
In epoch  0  size of x is  torch.Size([512, 135909])
In epoch  0  size of x is  torch.Size([512, 135909])
In epoch  0  size of x is  torch.Size([512, 135909])
In epoch  0  size of x is  torch.Size([512, 135909])
In epoch  0  size of x is  torch.Size([512, 135909])
In epoch  0  size of x is  torch.Size([512, 135909])
In epoch  0  size of x is  torch.Size([512, 135909])
In epoch  0  size of x is  torch.Size([512, 135909])
In epoch  0  size of x is  torch.Size([512, 135909])
In epoch  0  size of x is  torch.Size([512, 135909])
In epoch  0  size of x is  torch.Size([512, 135909])
In epoch  0  size of x is  torch.Size([512, 135909])
In epoch  0  size of x is  torch.Size([512, 135909])
In epoch  0  size of x is  torch.Size([512, 135909])
In epoch  0  size of x is  torch.Size([512, 135909])
In epoch  0  size of x is  torch.Size([512, 135909])
In epoch  0  size of x is  torch.Size([512, 135909])
In epoch  0  size of x is  torch.Size([512, 135909])
In epoch  0  size of x is  torch.Size([512, 135909])
0 / 10 :: 399360 / 490449 - CLASS_LOSS : 0.00011
In epoch  0  size of x is  torch.Size([512, 135909])
In epoch  0  size of x is  torch.Size([512, 135909])
In epoch  0  size of x is  torch.Size([512, 135909])
In epoch  0  size of x is  torch.Size([512, 135909])
In epoch  0  size of x is  torch.Size([512, 135909])
In epoch  0  size of x is  torch.Size([512, 135909])
In epoch  0  size of x is  torch.Size([512, 135909])
In epoch  0  size of x is  torch.Size([512, 135909])
In epoch  0  size of x is  torch.Size([512, 135909])
In epoch  0  size of x is  torch.Size([512, 135909])
In epoch  0  size of x is  torch.Size([512, 135909])
In epoch  0  size of x is  torch.Size([512, 135909])
In epoch  0  size of x is  torch.Size([512, 135909])
In epoch  0  size of x is  torch.Size([512, 135909])
In epoch  0  size of x is  torch.Size([512, 135909])
In epoch  0  size of x is  torch.Size([512, 135909])
In epoch  0  size of x is  torch.Size([512, 135909])
In epoch  0  size of x is  torch.Size([512, 135909])
In epoch  0  size of x is  torch.Size([512, 135909])
In epoch  0  size of x is  torch.Size([512, 135909])
0 / 10 :: 409600 / 490449 - CLASS_LOSS : 0.00011
In epoch  0  size of x is  torch.Size([512, 135909])
In epoch  0  size of x is  torch.Size([512, 135909])
In epoch  0  size of x is  torch.Size([512, 135909])
In epoch  0  size of x is  torch.Size([512, 135909])
In epoch  0  size of x is  torch.Size([512, 135909])
In epoch  0  size of x is  torch.Size([512, 135909])
In epoch  0  size of x is  torch.Size([512, 135909])
In epoch  0  size of x is  torch.Size([512, 135909])
In epoch  0  size of x is  torch.Size([512, 135909])
In epoch  0  size of x is  torch.Size([512, 135909])
In epoch  0  size of x is  torch.Size([512, 135909])
In epoch  0  size of x is  torch.Size([512, 135909])
In epoch  0  size of x is  torch.Size([512, 135909])
In epoch  0  size of x is  torch.Size([512, 135909])
In epoch  0  size of x is  torch.Size([512, 135909])
In epoch  0  size of x is  torch.Size([512, 135909])
In epoch  0  size of x is  torch.Size([512, 135909])
In epoch  0  size of x is  torch.Size([512, 135909])
In epoch  0  size of x is  torch.Size([512, 135909])
In epoch  0  size of x is  torch.Size([512, 135909])
0 / 10 :: 419840 / 490449 - CLASS_LOSS : 0.00011
In epoch  0  size of x is  torch.Size([512, 135909])
In epoch  0  size of x is  torch.Size([512, 135909])
In epoch  0  size of x is  torch.Size([512, 135909])
In epoch  0  size of x is  torch.Size([512, 135909])
In epoch  0  size of x is  torch.Size([512, 135909])
In epoch  0  size of x is  torch.Size([512, 135909])
In epoch  0  size of x is  torch.Size([512, 135909])
In epoch  0  size of x is  torch.Size([512, 135909])
In epoch  0  size of x is  torch.Size([512, 135909])
In epoch  0  size of x is  torch.Size([512, 135909])
In epoch  0  size of x is  torch.Size([512, 135909])
In epoch  0  size of x is  torch.Size([512, 135909])
In epoch  0  size of x is  torch.Size([512, 135909])
In epoch  0  size of x is  torch.Size([512, 135909])
In epoch  0  size of x is  torch.Size([512, 135909])
In epoch  0  size of x is  torch.Size([512, 135909])
In epoch  0  size of x is  torch.Size([512, 135909])
In epoch  0  size of x is  torch.Size([512, 135909])
In epoch  0  size of x is  torch.Size([512, 135909])
In epoch  0  size of x is  torch.Size([512, 135909])
0 / 10 :: 430080 / 490449 - CLASS_LOSS : 0.00011
In epoch  0  size of x is  torch.Size([512, 135909])
In epoch  0  size of x is  torch.Size([512, 135909])
In epoch  0  size of x is  torch.Size([512, 135909])
In epoch  0  size of x is  torch.Size([512, 135909])
In epoch  0  size of x is  torch.Size([512, 135909])
In epoch  0  size of x is  torch.Size([512, 135909])
In epoch  0  size of x is  torch.Size([512, 135909])
In epoch  0  size of x is  torch.Size([512, 135909])
In epoch  0  size of x is  torch.Size([512, 135909])
In epoch  0  size of x is  torch.Size([512, 135909])
In epoch  0  size of x is  torch.Size([512, 135909])
In epoch  0  size of x is  torch.Size([512, 135909])
In epoch  0  size of x is  torch.Size([512, 135909])
In epoch  0  size of x is  torch.Size([512, 135909])
In epoch  0  size of x is  torch.Size([512, 135909])
In epoch  0  size of x is  torch.Size([512, 135909])
In epoch  0  size of x is  torch.Size([512, 135909])
In epoch  0  size of x is  torch.Size([512, 135909])
In epoch  0  size of x is  torch.Size([512, 135909])
In epoch  0  size of x is  torch.Size([512, 135909])
0 / 10 :: 440320 / 490449 - CLASS_LOSS : 0.00011
In epoch  0  size of x is  torch.Size([512, 135909])
In epoch  0  size of x is  torch.Size([512, 135909])
In epoch  0  size of x is  torch.Size([512, 135909])
In epoch  0  size of x is  torch.Size([512, 135909])
In epoch  0  size of x is  torch.Size([512, 135909])
In epoch  0  size of x is  torch.Size([512, 135909])
In epoch  0  size of x is  torch.Size([512, 135909])
In epoch  0  size of x is  torch.Size([512, 135909])
In epoch  0  size of x is  torch.Size([512, 135909])
In epoch  0  size of x is  torch.Size([512, 135909])
In epoch  0  size of x is  torch.Size([512, 135909])
In epoch  0  size of x is  torch.Size([512, 135909])
In epoch  0  size of x is  torch.Size([512, 135909])
In epoch  0  size of x is  torch.Size([512, 135909])
In epoch  0  size of x is  torch.Size([512, 135909])
In epoch  0  size of x is  torch.Size([512, 135909])
In epoch  0  size of x is  torch.Size([512, 135909])
In epoch  0  size of x is  torch.Size([512, 135909])
In epoch  0  size of x is  torch.Size([512, 135909])
In epoch  0  size of x is  torch.Size([512, 135909])
0 / 10 :: 450560 / 490449 - CLASS_LOSS : 0.00011
In epoch  0  size of x is  torch.Size([512, 135909])
In epoch  0  size of x is  torch.Size([512, 135909])
In epoch  0  size of x is  torch.Size([512, 135909])
In epoch  0  size of x is  torch.Size([512, 135909])
In epoch  0  size of x is  torch.Size([512, 135909])
In epoch  0  size of x is  torch.Size([512, 135909])
In epoch  0  size of x is  torch.Size([512, 135909])
In epoch  0  size of x is  torch.Size([512, 135909])
In epoch  0  size of x is  torch.Size([512, 135909])
In epoch  0  size of x is  torch.Size([512, 135909])
In epoch  0  size of x is  torch.Size([512, 135909])
In epoch  0  size of x is  torch.Size([512, 135909])
In epoch  0  size of x is  torch.Size([512, 135909])
In epoch  0  size of x is  torch.Size([512, 135909])
In epoch  0  size of x is  torch.Size([512, 135909])
In epoch  0  size of x is  torch.Size([512, 135909])
In epoch  0  size of x is  torch.Size([512, 135909])
In epoch  0  size of x is  torch.Size([512, 135909])
In epoch  0  size of x is  torch.Size([512, 135909])
In epoch  0  size of x is  torch.Size([512, 135909])
0 / 10 :: 460800 / 490449 - CLASS_LOSS : 0.00011
In epoch  0  size of x is  torch.Size([512, 135909])
In epoch  0  size of x is  torch.Size([512, 135909])
In epoch  0  size of x is  torch.Size([512, 135909])
In epoch  0  size of x is  torch.Size([512, 135909])
In epoch  0  size of x is  torch.Size([512, 135909])
In epoch  0  size of x is  torch.Size([512, 135909])
In epoch  0  size of x is  torch.Size([512, 135909])
In epoch  0  size of x is  torch.Size([512, 135909])
In epoch  0  size of x is  torch.Size([512, 135909])
In epoch  0  size of x is  torch.Size([512, 135909])
In epoch  0  size of x is  torch.Size([512, 135909])
In epoch  0  size of x is  torch.Size([512, 135909])
In epoch  0  size of x is  torch.Size([512, 135909])
In epoch  0  size of x is  torch.Size([512, 135909])
In epoch  0  size of x is  torch.Size([512, 135909])
In epoch  0  size of x is  torch.Size([512, 135909])
In epoch  0  size of x is  torch.Size([512, 135909])
In epoch  0  size of x is  torch.Size([512, 135909])
In epoch  0  size of x is  torch.Size([512, 135909])
In epoch  0  size of x is  torch.Size([512, 135909])
0 / 10 :: 471040 / 490449 - CLASS_LOSS : 0.00011
In epoch  0  size of x is  torch.Size([512, 135909])
In epoch  0  size of x is  torch.Size([512, 135909])
In epoch  0  size of x is  torch.Size([512, 135909])
In epoch  0  size of x is  torch.Size([512, 135909])
In epoch  0  size of x is  torch.Size([512, 135909])
In epoch  0  size of x is  torch.Size([512, 135909])
In epoch  0  size of x is  torch.Size([512, 135909])
In epoch  0  size of x is  torch.Size([512, 135909])
In epoch  0  size of x is  torch.Size([512, 135909])
In epoch  0  size of x is  torch.Size([512, 135909])
In epoch  0  size of x is  torch.Size([512, 135909])
In epoch  0  size of x is  torch.Size([512, 135909])
In epoch  0  size of x is  torch.Size([512, 135909])
In epoch  0  size of x is  torch.Size([512, 135909])
In epoch  0  size of x is  torch.Size([512, 135909])
In epoch  0  size of x is  torch.Size([512, 135909])
In epoch  0  size of x is  torch.Size([512, 135909])
In epoch  0  size of x is  torch.Size([512, 135909])
In epoch  0  size of x is  torch.Size([512, 135909])
In epoch  0  size of x is  torch.Size([512, 135909])
0 / 10 :: 481280 / 490449 - CLASS_LOSS : 0.00011
In epoch  0  size of x is  torch.Size([512, 135909])
In epoch  0  size of x is  torch.Size([512, 135909])
In epoch  0  size of x is  torch.Size([512, 135909])
In epoch  0  size of x is  torch.Size([512, 135909])
In epoch  0  size of x is  torch.Size([512, 135909])
In epoch  0  size of x is  torch.Size([512, 135909])
In epoch  0  size of x is  torch.Size([512, 135909])
In epoch  0  size of x is  torch.Size([512, 135909])
In epoch  0  size of x is  torch.Size([512, 135909])
In epoch  0  size of x is  torch.Size([512, 135909])
In epoch  0  size of x is  torch.Size([512, 135909])
In epoch  0  size of x is  torch.Size([512, 135909])
In epoch  0  size of x is  torch.Size([512, 135909])
In epoch  0  size of x is  torch.Size([512, 135909])
In epoch  0  size of x is  torch.Size([512, 135909])
In epoch  0  size of x is  torch.Size([512, 135909])
In epoch  0  size of x is  torch.Size([512, 135909])
In epoch  0  size of x is  torch.Size([465, 135909])
./train_GlasXC_with_args.sh: line 45: 33650 Killed                  python -u train_GlasXC.py --data_root $data_root --dataset_info "$setup_path/$dataset_info" --input_encoder_cfg "$setup_path/$inp_enc_cfg" --input_decoder_cfg "$setup_path/$inp_dec_cfg" --output_encoder_cfg "$setup_path/$otp_enc_cfg" --output_decoder_cfg "$setup_path/$otp_dec_cfg" --regressor_cfg "$setup_path/$reg_cfg" --device $device --epochs $epochs --batch_size $batch_size --input_ae_loss_weight $inp_ae_wgt --output_ae_loss_weight $otp_ae_wgt --optimizer_cfg "$setup_path/$opt_cfg" --seed $seed --plot --k $k --interval $interval --init_scheme $init_scheme
slurmstepd: error: Detected 1 oom-kill event(s) in step 84213.batch cgroup. Some of your processes may have been killed by the cgroup out-of-memory handler.
